<?xml version="1.0" encoding="UTF-8"?>
<!-- Generated by org.testng.reporters.JUnitReportReporter -->
<testsuite skipped="0" hostname="Anubhav-PC" name="PageTitle" tests="1" failures="0" timestamp="29 May 2019 12:28:10 GMT" time="111.977" errors="0">
  <testcase name="getTitle" time="111.977" classname="PageTitle"/>
</testsuite> <!-- PageTitle -->
