<?xml version="1.0" encoding="UTF-8"?>
<!-- Generated by org.testng.reporters.JUnitReportReporter -->
<testsuite skipped="0" hostname="Anubhav-PC" name="PageTitle" tests="1" failures="0" timestamp="26 May 2019 12:01:25 GMT" time="49.419" errors="0">
  <testcase name="getTitle" time="49.419" classname="PageTitle"/>
</testsuite> <!-- PageTitle -->
