<?xml version="1.0" encoding="UTF-8"?>
<!-- Generated by org.testng.reporters.JUnitReportReporter -->
<testsuite skipped="0" hostname="Anubhav-PC" name="PageTitle" tests="1" failures="0" timestamp="26 May 2019 12:36:20 GMT" time="37.945" errors="0">
  <testcase name="getTitle" time="37.945" classname="PageTitle"/>
</testsuite> <!-- PageTitle -->
